<?xml version="1.0" encoding="UTF-8"?>
<!-- Generated by org.testng.reporters.JUnitReportReporter -->
<testsuite hostname="karvendhan" failures="0" tests="1" name="test.NavigationUITest" time="9.011" errors="0" timestamp="2025-08-10T12:46:25 IST" skipped="0">
  <testcase classname="test.NavigationUITest" name="navigationAndLogo" time="9.011"/>
</testsuite> <!-- test.NavigationUITest -->
