<?xml version="1.0" encoding="UTF-8"?>
<!-- Generated by org.testng.reporters.JUnitReportReporter -->
<testsuite hostname="karvendhan" failures="0" tests="1" name="test.RegisterTests" time="8.611" errors="0" timestamp="2025-08-10T10:43:24 IST" skipped="0">
  <testcase classname="test.RegisterTests" name="registerProvidedUser" time="8.611"/>
</testsuite> <!-- test.RegisterTests -->
