<?xml version="1.0" encoding="UTF-8"?>
<!-- Generated by org.testng.reporters.JUnitReportReporter -->
<testsuite hostname="karvendhan" failures="0" tests="3" name="test.LoginTest" time="19.644" errors="0" timestamp="2025-08-10T12:46:25 IST" skipped="0">
  <testcase classname="test.LoginTest" name="validLogin" time="7.751"/>
  <testcase classname="test.LoginTest" name="invalidPassword" time="6.209"/>
  <testcase classname="test.LoginTest" name="emptyFieldsLogin" time="5.684"/>
</testsuite> <!-- test.LoginTest -->
