<?xml version="1.0" encoding="UTF-8"?>
<!-- Generated by org.testng.reporters.JUnitReportReporter -->
<testsuite hostname="karvendhan" failures="0" tests="2" name="test.CustomerSupportTest" time="10.366" errors="0" timestamp="2025-08-10T10:43:24 IST" skipped="0">
  <testcase classname="test.CustomerSupportTest" name="contactFormSubmitValid" time="5.546"/>
  <testcase classname="test.CustomerSupportTest" name="contactFormEmpty" time="4.820"/>
</testsuite> <!-- test.CustomerSupportTest -->
