<?xml version="1.0" encoding="UTF-8"?>
<!-- Generated by org.testng.reporters.JUnitReportReporter -->
<testsuite hostname="karvendhan" failures="0" tests="1" name="test.RegisterTests" time="10.780" errors="0" timestamp="2025-08-10T12:46:25 IST" skipped="0">
  <testcase classname="test.RegisterTests" name="registerProvidedUser" time="10.780"/>
</testsuite> <!-- test.RegisterTests -->
