<?xml version="1.0" encoding="UTF-8"?>
<!-- Generated by org.testng.reporters.JUnitReportReporter -->
<testsuite hostname="karvendhan" failures="0" tests="1" name="test.AccountTest" time="5.918" errors="0" timestamp="2025-08-10T11:07:59 IST" skipped="0">
  <testcase classname="test.AccountTest" name="accountsOverviewAndTable" time="5.918"/>
</testsuite> <!-- test.AccountTest -->
