<?xml version="1.0" encoding="UTF-8"?>
<!-- Generated by org.testng.reporters.JUnitReportReporter -->
<testsuite hostname="karvendhan" failures="0" tests="1" name="test.NavigationUITest" time="7.260" errors="0" timestamp="2025-08-10T10:43:24 IST" skipped="0">
  <testcase classname="test.NavigationUITest" name="navigationAndLogo" time="7.260"/>
</testsuite> <!-- test.NavigationUITest -->
