<?xml version="1.0" encoding="UTF-8"?>
<!-- Generated by org.testng.reporters.JUnitReportReporter -->
<testsuite hostname="karvendhan" failures="0" tests="2" name="test.CustomerSupportTest" time="11.723" errors="0" timestamp="2025-08-10T11:07:59 IST" skipped="0">
  <testcase classname="test.CustomerSupportTest" name="contactFormSubmitValid" time="5.392"/>
  <testcase classname="test.CustomerSupportTest" name="contactFormEmpty" time="6.331"/>
</testsuite> <!-- test.CustomerSupportTest -->
