<?xml version="1.0" encoding="UTF-8"?>
<!-- Generated by org.testng.reporters.JUnitReportReporter -->
<testsuite hostname="karvendhan" failures="0" tests="1" name="test.AccountTest" time="4.583" errors="0" timestamp="2025-08-10T10:43:24 IST" skipped="0">
  <testcase classname="test.AccountTest" name="accountsOverviewAndTable" time="4.583"/>
</testsuite> <!-- test.AccountTest -->
