<?xml version="1.0" encoding="UTF-8"?>
<!-- Generated by org.testng.reporters.JUnitReportReporter -->
<testsuite hostname="karvendhan" failures="0" tests="2" name="test.LoanRequestTest" time="30.166" errors="0" timestamp="2025-08-10T12:46:25 IST" skipped="0">
  <testcase classname="test.LoanRequestTest" name="requestLoanValid" time="10.049"/>
  <testcase classname="test.LoanRequestTest" name="requestLoanMissingInfo" time="20.117"/>
</testsuite> <!-- test.LoanRequestTest -->
