<?xml version="1.0" encoding="UTF-8"?>
<!-- Generated by org.testng.reporters.JUnitReportReporter -->
<testsuite hostname="karvendhan" failures="0" tests="3" name="test.LoginTest" time="20.184" errors="0" timestamp="2025-08-10T12:34:00 IST" skipped="0">
  <testcase classname="test.LoginTest" name="validLogin" time="7.715"/>
  <testcase classname="test.LoginTest" name="invalidPassword" time="6.105"/>
  <testcase classname="test.LoginTest" name="emptyFieldsLogin" time="6.364"/>
</testsuite> <!-- test.LoginTest -->
