<?xml version="1.0" encoding="UTF-8"?>
<!-- Generated by org.testng.reporters.JUnitReportReporter -->
<testsuite hostname="karvendhan" failures="0" tests="2" name="test.LoanRequestTest" time="31.962" errors="0" timestamp="2025-08-10T12:34:00 IST" skipped="0">
  <testcase classname="test.LoanRequestTest" name="requestLoanValid" time="11.208"/>
  <testcase classname="test.LoanRequestTest" name="requestLoanMissingInfo" time="20.754"/>
</testsuite> <!-- test.LoanRequestTest -->
