<?xml version="1.0" encoding="UTF-8"?>
<!-- Generated by org.testng.reporters.JUnitReportReporter -->
<testsuite hostname="karvendhan" failures="0" tests="1" name="test.NavigationUITest" time="8.434" errors="0" timestamp="2025-08-10T12:34:00 IST" skipped="0">
  <testcase classname="test.NavigationUITest" name="navigationAndLogo" time="8.434"/>
</testsuite> <!-- test.NavigationUITest -->
