<?xml version="1.0" encoding="UTF-8"?>
<!-- Generated by org.testng.reporters.JUnitReportReporter -->
<testsuite hostname="karvendhan" failures="0" tests="2" name="test.CustomerSupportTest" time="17.289" errors="0" timestamp="2025-08-10T12:34:00 IST" skipped="0">
  <testcase classname="test.CustomerSupportTest" name="contactFormSubmitValid" time="9.350"/>
  <testcase classname="test.CustomerSupportTest" name="contactFormEmpty" time="7.939"/>
</testsuite> <!-- test.CustomerSupportTest -->
